2021-11-08 20:02:52,632 - INFO - client: start_client - Запуск клиента 
2021-11-08 20:02:52,632 - INFO - client: create_presence_message - Формирование сообщения 
2021-11-08 20:02:52,632 - INFO - decorators: deco_log_call - Mon Nov  8 20:02:52 2021 Вызван декоратор Log для create_presence_message из функции start_client() 
2021-11-08 20:02:52,632 - INFO - client: start_client - Отправляю сообщение "{'action': 'presence', 'time': '2021-11-08-20.02.52', 'user': {'account_name': 'Guest'}}" на сервер 
2021-11-08 20:02:52,632 - INFO - client: start_client - жду ответа 
2021-11-08 20:02:52,648 - INFO - client: start_client - Ответ: 
2021-11-08 20:02:52,648 - INFO - client: start_client - Сервер нас понимает! 
2021-11-08 20:02:52,663 - INFO - decorators: deco_log_call - Mon Nov  8 20:02:52 2021 Вызван декоратор Log для start_client из функции start_client() 
2021-11-08 20:02:58,775 - INFO - client: start_client - Запуск клиента 
2021-11-08 20:02:58,790 - INFO - client: create_presence_message - Формирование сообщения 
2021-11-08 20:02:58,822 - INFO - decorators: deco_log_call - Mon Nov  8 20:02:58 2021 Вызван декоратор Log для create_presence_message из функции JB_DISABLE_BUFFERING)) 
2021-11-08 20:02:58,822 - INFO - client: start_client - Отправляю сообщение "{'action': 'presence', 'time': '2021-11-08-20.02.58', 'user': {'account_name': 'Guest'}}" на сервер 
2021-11-08 20:02:58,822 - INFO - client: start_client - жду ответа 
2021-11-08 20:02:58,822 - INFO - client: start_client - Ответ: 
2021-11-08 20:02:58,822 - INFO - client: start_client - Сервер нас понимает! 
2021-11-08 20:02:58,822 - INFO - decorators: deco_log_call - Mon Nov  8 20:02:58 2021 Вызван декоратор Log для start_client из функции JB_DISABLE_BUFFERING)) 
2021-11-08 20:03:09,333 - INFO - client: create_presence_message - Формирование сообщения 
2021-11-08 20:03:09,333 - ERROR - client: create_presence_message - Имя пользователя более 25 символов! 
2021-11-08 20:03:09,333 - INFO - client: create_presence_message - Формирование сообщения 
2021-11-08 20:03:09,333 - INFO - client: create_presence_message - Формирование сообщения 
2021-11-08 20:03:09,333 - INFO - decorators: deco_log_call - Mon Nov  8 20:03:09 2021 Вызван декоратор Log для create_presence_message из функции JB_DISABLE_BUFFERING)) 
2021-11-08 20:03:09,348 - INFO - client: start_client - Запуск клиента 
2021-11-08 20:03:09,348 - INFO - client: create_presence_message - Формирование сообщения 
2021-11-08 20:03:09,348 - INFO - decorators: deco_log_call - Mon Nov  8 20:03:09 2021 Вызван декоратор Log для create_presence_message из функции JB_DISABLE_BUFFERING)) 
2021-11-08 20:03:09,348 - INFO - client: start_client - Отправляю сообщение "{'action': 'presence', 'time': '2021-11-08-20.03.09', 'user': {'account_name': 'Guest'}}" на сервер 
2021-11-08 20:03:09,348 - INFO - client: start_client - жду ответа 
2021-11-08 20:03:09,348 - INFO - client: start_client - Ответ: 
2021-11-08 20:03:09,348 - INFO - client: start_client - Сервер нас понимает! 
2021-11-08 20:03:09,348 - INFO - decorators: deco_log_call - Mon Nov  8 20:03:09 2021 Вызван декоратор Log для start_client из функции JB_DISABLE_BUFFERING)) 
2021-11-08 20:03:09,364 - INFO - client: start_client - Запуск клиента 
2021-11-08 20:03:09,364 - INFO - client: create_presence_message - Формирование сообщения 
2021-11-08 20:03:09,364 - INFO - decorators: deco_log_call - Mon Nov  8 20:03:09 2021 Вызван декоратор Log для create_presence_message из функции JB_DISABLE_BUFFERING)) 
2021-11-08 20:03:09,364 - INFO - client: start_client - Отправляю сообщение "{'action': 'presence', 'time': '2021-11-08-20.03.09', 'user': {'account_name': 'Guest'}}" на сервер 
2021-11-08 20:03:09,364 - INFO - client: start_client - жду ответа 
2021-11-08 20:03:09,364 - INFO - client: start_client - Ответ: 
2021-11-08 20:03:09,364 - INFO - client: start_client - Сервер нас понимает! 
2021-11-08 20:03:09,364 - INFO - decorators: deco_log_call - Mon Nov  8 20:03:09 2021 Вызван декоратор Log для start_client из функции JB_DISABLE_BUFFERING)) 
2021-11-08 20:03:43,522 - INFO - client: create_presence_message - Формирование сообщения 
2021-11-08 20:03:43,522 - ERROR - client: create_presence_message - Имя пользователя более 25 символов! 
2021-11-08 20:03:43,522 - INFO - client: create_presence_message - Формирование сообщения 
2021-11-08 20:03:43,522 - INFO - client: create_presence_message - Формирование сообщения 
2021-11-08 20:03:43,522 - INFO - decorators: deco_log_call - Mon Nov  8 20:03:43 2021 Вызван декоратор Log для create_presence_message из функции JB_DISABLE_BUFFERING)) 
2021-11-08 20:03:53,091 - INFO - client: create_presence_message - Формирование сообщения 
2021-11-08 20:03:53,091 - ERROR - client: create_presence_message - Имя пользователя более 25 символов! 
2021-11-08 20:03:53,091 - INFO - client: create_presence_message - Формирование сообщения 
2021-11-08 20:03:53,091 - INFO - client: create_presence_message - Формирование сообщения 
2021-11-08 20:03:53,091 - INFO - decorators: deco_log_call - Mon Nov  8 20:03:53 2021 Вызван декоратор Log для create_presence_message из функции JB_DISABLE_BUFFERING)) 
2021-11-08 20:04:40,622 - INFO - client: start_client - Запуск клиента 
2021-11-08 20:04:40,622 - INFO - client: create_presence_message - Формирование сообщения 
2021-11-08 20:04:40,622 - INFO - decorators: deco_log_call - Mon Nov  8 20:04:40 2021 Вызван декоратор Log для create_presence_message из функции start_client() 
2021-11-08 20:04:40,622 - INFO - client: start_client - Отправляю сообщение "{'action': 'presence', 'time': '2021-11-08-20.04.40', 'user': {'account_name': 'Guest'}}" на сервер 
2021-11-08 20:04:40,637 - INFO - client: start_client - жду ответа 
2021-11-08 20:04:40,637 - INFO - client: start_client - Ответ: 
2021-11-08 20:04:40,637 - INFO - client: start_client - Сервер нас понимает! 
2021-11-08 20:04:40,637 - INFO - decorators: deco_log_call - Mon Nov  8 20:04:40 2021 Вызван декоратор Log для start_client из функции start_client() 
2021-11-08 20:04:44,796 - INFO - client: create_presence_message - Формирование сообщения 
2021-11-08 20:04:44,796 - ERROR - client: create_presence_message - Имя пользователя более 25 символов! 
