2021-11-08 20:02:43,255 - INFO - server: start_server - Готов к приему клиентов! 
 
2021-11-08 20:02:52,648 - INFO - server: start_server - Принято сообщение от клиента: {'action': 'presence', 'time': '2021-11-08-20.02.52', 'user': {'account_name': 'Guest'}} 
2021-11-08 20:02:52,648 - INFO - server: check_correct_presence_and_response - Запуск функции проверки корректности запроса 
2021-11-08 20:02:52,648 - INFO - decorators: deco_log_call - Mon Nov  8 20:02:52 2021 Вызван декоратор Log для check_correct_presence_and_response с параметрами ({'action': 'presence', 'time': '2021-11-08-20.02.52', 'user': {'account_name': 'Guest'}},) из функции start_server() 
2021-11-08 20:02:52,648 - INFO - server: start_server - Приветствуем пользователя Guest! 
2021-11-08 20:02:52,648 - INFO - server: start_server - Отправка ответа клиенту: 
2021-11-08 20:02:58,822 - INFO - server: start_server - Принято сообщение от клиента: {'action': 'presence', 'time': '2021-11-08-20.02.58', 'user': {'account_name': 'Guest'}} 
2021-11-08 20:02:58,822 - INFO - server: check_correct_presence_and_response - Запуск функции проверки корректности запроса 
2021-11-08 20:02:58,822 - INFO - decorators: deco_log_call - Mon Nov  8 20:02:58 2021 Вызван декоратор Log для check_correct_presence_and_response с параметрами ({'action': 'presence', 'time': '2021-11-08-20.02.58', 'user': {'account_name': 'Guest'}},) из функции start_server() 
2021-11-08 20:02:58,822 - INFO - server: start_server - Приветствуем пользователя Guest! 
2021-11-08 20:02:58,822 - INFO - server: start_server - Отправка ответа клиенту: 
2021-11-08 20:03:03,411 - INFO - server: check_correct_presence_and_response - Запуск функции проверки корректности запроса 
2021-11-08 20:03:03,411 - INFO - decorators: deco_log_call - Mon Nov  8 20:03:03 2021 Вызван декоратор Log для check_correct_presence_and_response с параметрами ({'action': 'presence', 'time': 2353453, 'user': {'account_name': 'SuperUser'}},) из функции JB_DISABLE_BUFFERING)) 
2021-11-08 20:03:09,348 - INFO - server: start_server - Принято сообщение от клиента: {'action': 'presence', 'time': '2021-11-08-20.03.09', 'user': {'account_name': 'Guest'}} 
2021-11-08 20:03:09,348 - INFO - server: check_correct_presence_and_response - Запуск функции проверки корректности запроса 
2021-11-08 20:03:09,348 - INFO - decorators: deco_log_call - Mon Nov  8 20:03:09 2021 Вызван декоратор Log для check_correct_presence_and_response с параметрами ({'action': 'presence', 'time': '2021-11-08-20.03.09', 'user': {'account_name': 'Guest'}},) из функции start_server() 
2021-11-08 20:03:09,348 - INFO - server: start_server - Приветствуем пользователя Guest! 
2021-11-08 20:03:09,348 - INFO - server: start_server - Отправка ответа клиенту: 
2021-11-08 20:03:09,364 - INFO - server: start_server - Принято сообщение от клиента: {'action': 'presence', 'time': '2021-11-08-20.03.09', 'user': {'account_name': 'Guest'}} 
2021-11-08 20:03:09,364 - INFO - server: check_correct_presence_and_response - Запуск функции проверки корректности запроса 
2021-11-08 20:03:09,364 - INFO - decorators: deco_log_call - Mon Nov  8 20:03:09 2021 Вызван декоратор Log для check_correct_presence_and_response с параметрами ({'action': 'presence', 'time': '2021-11-08-20.03.09', 'user': {'account_name': 'Guest'}},) из функции start_server() 
2021-11-08 20:03:09,364 - INFO - server: start_server - Приветствуем пользователя Guest! 
2021-11-08 20:03:09,364 - INFO - server: start_server - Отправка ответа клиенту: 
2021-11-08 20:03:49,405 - INFO - server: check_correct_presence_and_response - Запуск функции проверки корректности запроса 
2021-11-08 20:03:49,421 - INFO - decorators: deco_log_call - Mon Nov  8 20:03:49 2021 Вызван декоратор Log для check_correct_presence_and_response с параметрами ({'action': 'presence', 'time': 2353453, 'user': {'account_name': 'SuperUser'}},) из функции JB_DISABLE_BUFFERING)) 
2021-11-08 20:04:40,637 - INFO - server: start_server - Принято сообщение от клиента: {'action': 'presence', 'time': '2021-11-08-20.04.40', 'user': {'account_name': 'Guest'}} 
2021-11-08 20:04:40,637 - INFO - server: check_correct_presence_and_response - Запуск функции проверки корректности запроса 
2021-11-08 20:04:40,637 - INFO - decorators: deco_log_call - Mon Nov  8 20:04:40 2021 Вызван декоратор Log для check_correct_presence_and_response с параметрами ({'action': 'presence', 'time': '2021-11-08-20.04.40', 'user': {'account_name': 'Guest'}},) из функции start_server() 
2021-11-08 20:04:40,637 - INFO - server: start_server - Приветствуем пользователя Guest! 
2021-11-08 20:04:40,637 - INFO - server: start_server - Отправка ответа клиенту: 
2021-11-08 20:04:50,093 - INFO - server: check_correct_presence_and_response - Запуск функции проверки корректности запроса 
2021-11-08 20:04:50,093 - INFO - decorators: deco_log_call - Mon Nov  8 20:04:50 2021 Вызван декоратор Log для check_correct_presence_and_response с параметрами ({'action': 'presence', 'time': 2353453, 'user': {'account_name': 'SuperUser'}},) из функции JB_DISABLE_BUFFERING)) 
