2021-11-12 18:13:16,604 - INFO - server: start_server - Готов к приему клиентов! 
 
2021-11-12 18:13:29,073 - INFO - server: check_correct_presence_and_response - Запуск функции проверки корректности запроса 
2021-11-12 18:13:29,120 - INFO - decorators: deco_log_call - Fri Nov 12 18:13:29 2021 Вызван декоратор Log для check_correct_presence_and_response с параметрами ({'action': 'presence', 'time': 325345.675, 'user': {'account_name': 'SuperUser'}},) из функции JB_DISABLE_BUFFERING)) 
2021-11-12 18:13:31,050 - INFO - server: check_correct_presence_and_response - Запуск функции проверки корректности запроса 
2021-11-12 18:13:31,050 - INFO - decorators: deco_log_call - Fri Nov 12 18:13:31 2021 Вызван декоратор Log для check_correct_presence_and_response с параметрами ({'action': 'goodbye', 'time': 2114.456456, 'user': {'account_name': 'SuperUser'}},) из функции JB_DISABLE_BUFFERING)) 
2021-11-12 18:13:31,050 - INFO - server: check_correct_presence_and_response - Запуск функции проверки корректности запроса 
2021-11-12 18:13:31,050 - INFO - decorators: deco_log_call - Fri Nov 12 18:13:31 2021 Вызван декоратор Log для check_correct_presence_and_response с параметрами ({'action': 'presence', 'time': 325345.675, 'user': {'account_name': 'SuperUser'}},) из функции JB_DISABLE_BUFFERING)) 
2021-11-12 18:13:31,050 - INFO - server: check_correct_presence_and_response - Запуск функции проверки корректности запроса 
2021-11-12 18:13:31,066 - INFO - decorators: deco_log_call - Fri Nov 12 18:13:31 2021 Вызван декоратор Log для check_correct_presence_and_response с параметрами ({'time': 12423.4564, 'user': {'account_name': 'SuperUser'}},) из функции JB_DISABLE_BUFFERING)) 
2021-11-12 18:13:31,066 - INFO - server: check_correct_presence_and_response - Запуск функции проверки корректности запроса 
2021-11-12 18:13:31,066 - INFO - decorators: deco_log_call - Fri Nov 12 18:13:31 2021 Вызван декоратор Log для check_correct_presence_and_response с параметрами ({'action': 'presence', 'time': 2353453, 'user': {'account_name': 'SuperUser'}},) из функции JB_DISABLE_BUFFERING)) 
2021-11-12 18:13:34,128 - INFO - server: check_correct_presence_and_response - Запуск функции проверки корректности запроса 
2021-11-12 18:13:34,128 - INFO - decorators: deco_log_call - Fri Nov 12 18:13:34 2021 Вызван декоратор Log для check_correct_presence_and_response с параметрами ({'time': 12423.4564, 'user': {'account_name': 'SuperUser'}},) из функции JB_DISABLE_BUFFERING)) 
2021-11-12 18:13:55,179 - INFO - server_config_log: <module> - Информационное сообщение 
2021-11-12 18:13:55,179 - WARNING - server_config_log: <module> - Внимание! 
2021-11-12 18:13:55,179 - ERROR - server_config_log: <module> - Ошибка! 
2021-11-12 18:14:04,028 - INFO - server: start_server - Принято сообщение от клиента: {'action': 'presence', 'time': '2021-11-12-18.14.03', 'user': {'account_name': 'User8'}} 
2021-11-12 18:14:04,028 - INFO - server: check_correct_presence_and_response - Запуск функции проверки корректности запроса 
2021-11-12 18:14:04,028 - INFO - decorators: deco_log_call - Fri Nov 12 18:14:04 2021 Вызван декоратор Log для check_correct_presence_and_response с параметрами ({'action': 'presence', 'time': '2021-11-12-18.14.03', 'user': {'account_name': 'User8'}},) из функции start_server() 
2021-11-12 18:14:04,028 - INFO - server: start_server - Приветствуем пользователя User8! 
2021-11-12 18:14:04,028 - INFO - server: start_server - Отправка ответа клиенту: 
2021-11-12 18:14:04,044 - INFO - server: start_server - Клиент User8 отключился от сервера. 
2021-11-12 18:14:04,044 - INFO - server: start_server - Принято сообщение от клиента: {'action': 'presence', 'time': '2021-11-12-18.14.04', 'user': {'account_name': 'User5'}} 
2021-11-12 18:14:04,044 - INFO - server: check_correct_presence_and_response - Запуск функции проверки корректности запроса 
2021-11-12 18:14:04,044 - INFO - decorators: deco_log_call - Fri Nov 12 18:14:04 2021 Вызван декоратор Log для check_correct_presence_and_response с параметрами ({'action': 'presence', 'time': '2021-11-12-18.14.04', 'user': {'account_name': 'User5'}},) из функции start_server() 
2021-11-12 18:14:04,044 - INFO - server: start_server - Приветствуем пользователя User5! 
2021-11-12 18:14:04,044 - INFO - server: start_server - Отправка ответа клиенту: 
2021-11-12 18:14:04,044 - INFO - server: start_server - Отправка ответа клиенту: 
2021-11-12 18:14:04,044 - INFO - server: start_server - Клиент User5 отключился от сервера. 
2021-11-12 18:14:04,044 - INFO - server: start_server - Принято сообщение от клиента: {'action': 'presence', 'time': '2021-11-12-18.14.04', 'user': {'account_name': 'User7'}} 
2021-11-12 18:14:04,044 - INFO - server: check_correct_presence_and_response - Запуск функции проверки корректности запроса 
2021-11-12 18:14:04,044 - INFO - decorators: deco_log_call - Fri Nov 12 18:14:04 2021 Вызван декоратор Log для check_correct_presence_and_response с параметрами ({'action': 'presence', 'time': '2021-11-12-18.14.04', 'user': {'account_name': 'User7'}},) из функции start_server() 
2021-11-12 18:14:04,044 - INFO - server: start_server - Приветствуем пользователя User7! 
2021-11-12 18:14:04,044 - INFO - server: start_server - Отправка ответа клиенту: 
2021-11-12 18:14:04,044 - INFO - server: start_server - Отправка ответа клиенту: 
2021-11-12 18:14:04,059 - INFO - server: start_server - Клиент User7 отключился от сервера. 
2021-11-12 18:14:04,059 - INFO - server: start_server - Принято сообщение от клиента: {'action': 'presence', 'time': '2021-11-12-18.14.04', 'user': {'account_name': 'User6'}} 
2021-11-12 18:14:04,059 - INFO - server: check_correct_presence_and_response - Запуск функции проверки корректности запроса 
2021-11-12 18:14:04,059 - INFO - decorators: deco_log_call - Fri Nov 12 18:14:04 2021 Вызван декоратор Log для check_correct_presence_and_response с параметрами ({'action': 'presence', 'time': '2021-11-12-18.14.04', 'user': {'account_name': 'User6'}},) из функции start_server() 
2021-11-12 18:14:04,059 - INFO - server: start_server - Приветствуем пользователя User6! 
2021-11-12 18:14:04,059 - INFO - server: start_server - Отправка ответа клиенту: 
2021-11-12 18:14:04,059 - INFO - server: start_server - Отправка ответа клиенту: 
2021-11-12 18:14:04,059 - INFO - server: start_server - Клиент User6 отключился от сервера. 
2021-11-12 18:14:04,059 - INFO - server: start_server - Принято сообщение от клиента: {'action': 'presence', 'time': '2021-11-12-18.14.04', 'user': {'account_name': 'User3'}} 
2021-11-12 18:14:04,059 - INFO - server: check_correct_presence_and_response - Запуск функции проверки корректности запроса 
2021-11-12 18:14:04,059 - INFO - decorators: deco_log_call - Fri Nov 12 18:14:04 2021 Вызван декоратор Log для check_correct_presence_and_response с параметрами ({'action': 'presence', 'time': '2021-11-12-18.14.04', 'user': {'account_name': 'User3'}},) из функции start_server() 
2021-11-12 18:14:04,059 - INFO - server: start_server - Приветствуем пользователя User3! 
2021-11-12 18:14:04,059 - INFO - server: start_server - Отправка ответа клиенту: 
2021-11-12 18:14:04,059 - INFO - server: start_server - Отправка ответа клиенту: 
2021-11-12 18:14:04,059 - INFO - server: start_server - Клиент User3 отключился от сервера. 
2021-11-12 18:14:04,059 - INFO - server: start_server - Принято сообщение от клиента: {'action': 'presence', 'time': '2021-11-12-18.14.04', 'user': {'account_name': 'User1'}} 
2021-11-12 18:14:04,059 - INFO - server: check_correct_presence_and_response - Запуск функции проверки корректности запроса 
2021-11-12 18:14:04,059 - INFO - decorators: deco_log_call - Fri Nov 12 18:14:04 2021 Вызван декоратор Log для check_correct_presence_and_response с параметрами ({'action': 'presence', 'time': '2021-11-12-18.14.04', 'user': {'account_name': 'User1'}},) из функции start_server() 
2021-11-12 18:14:04,059 - INFO - server: start_server - Приветствуем пользователя User1! 
2021-11-12 18:14:04,059 - INFO - server: start_server - Отправка ответа клиенту: 
2021-11-12 18:14:04,059 - INFO - server: start_server - Отправка ответа клиенту: 
2021-11-12 18:14:04,075 - INFO - server: start_server - Клиент User1 отключился от сервера. 
2021-11-12 18:14:04,075 - INFO - server: start_server - Принято сообщение от клиента: {'action': 'presence', 'time': '2021-11-12-18.14.04', 'user': {'account_name': 'User4'}} 
2021-11-12 18:14:04,075 - INFO - server: check_correct_presence_and_response - Запуск функции проверки корректности запроса 
2021-11-12 18:14:04,075 - INFO - decorators: deco_log_call - Fri Nov 12 18:14:04 2021 Вызван декоратор Log для check_correct_presence_and_response с параметрами ({'action': 'presence', 'time': '2021-11-12-18.14.04', 'user': {'account_name': 'User4'}},) из функции start_server() 
2021-11-12 18:14:04,075 - INFO - server: start_server - Приветствуем пользователя User4! 
2021-11-12 18:14:04,075 - INFO - server: start_server - Отправка ответа клиенту: 
2021-11-12 18:14:04,075 - INFO - server: start_server - Отправка ответа клиенту: 
2021-11-12 18:14:04,075 - INFO - server: start_server - Клиент User4 отключился от сервера. 
2021-11-12 18:14:04,575 - INFO - server: start_server - Принято сообщение от клиента: {'action': 'presence', 'time': '2021-11-12-18.14.04', 'user': {'account_name': 'User2'}} 
2021-11-12 18:14:04,575 - INFO - server: check_correct_presence_and_response - Запуск функции проверки корректности запроса 
2021-11-12 18:14:04,575 - INFO - decorators: deco_log_call - Fri Nov 12 18:14:04 2021 Вызван декоратор Log для check_correct_presence_and_response с параметрами ({'action': 'presence', 'time': '2021-11-12-18.14.04', 'user': {'account_name': 'User2'}},) из функции start_server() 
2021-11-12 18:14:04,575 - INFO - server: start_server - Приветствуем пользователя User2! 
2021-11-12 18:14:04,575 - INFO - server: start_server - Отправка ответа клиенту: 
2021-11-12 18:14:05,075 - INFO - server: start_server - Клиент User2 отключился от сервера. 
2021-11-12 18:14:32,197 - INFO - server: check_correct_presence_and_response - Запуск функции проверки корректности запроса 
2021-11-12 18:14:32,197 - INFO - decorators: deco_log_call - Fri Nov 12 18:14:32 2021 Вызван декоратор Log для check_correct_presence_and_response с параметрами ({'action': 'goodbye', 'time': 2114.456456, 'user': {'account_name': 'SuperUser'}},) из функции JB_DISABLE_BUFFERING)) 
2021-11-12 18:14:40,979 - INFO - server: start_server - Принято сообщение от клиента: {'action': 'presence', 'time': '2021-11-12-18.14.40', 'user': {'account_name': 'Guest'}} 
2021-11-12 18:14:40,979 - INFO - server: check_correct_presence_and_response - Запуск функции проверки корректности запроса 
2021-11-12 18:14:40,979 - INFO - decorators: deco_log_call - Fri Nov 12 18:14:40 2021 Вызван декоратор Log для check_correct_presence_and_response с параметрами ({'action': 'presence', 'time': '2021-11-12-18.14.40', 'user': {'account_name': 'Guest'}},) из функции start_server() 
2021-11-12 18:14:40,979 - INFO - server: start_server - Приветствуем пользователя Guest! 
2021-11-12 18:14:40,979 - INFO - server: start_server - Отправка ответа клиенту: 
2021-11-12 18:14:41,479 - INFO - server: start_server - Клиент Guest отключился от сервера. 
2021-11-12 18:14:57,034 - INFO - server: start_server - Принято сообщение от клиента: {'action': 'presence', 'time': '2021-11-12-18.14.57', 'user': {'account_name': 'User7'}} 
2021-11-12 18:14:57,034 - INFO - server: check_correct_presence_and_response - Запуск функции проверки корректности запроса 
2021-11-12 18:14:57,034 - INFO - decorators: deco_log_call - Fri Nov 12 18:14:57 2021 Вызван декоратор Log для check_correct_presence_and_response с параметрами ({'action': 'presence', 'time': '2021-11-12-18.14.57', 'user': {'account_name': 'User7'}},) из функции start_server() 
2021-11-12 18:14:57,034 - INFO - server: start_server - Приветствуем пользователя User7! 
2021-11-12 18:14:57,034 - INFO - server: start_server - Отправка ответа клиенту: 
2021-11-12 18:14:57,049 - INFO - server: start_server - Клиент User7 отключился от сервера. 
2021-11-12 18:14:57,065 - INFO - server: start_server - Принято сообщение от клиента: {'action': 'presence', 'time': '2021-11-12-18.14.57', 'user': {'account_name': 'User1'}} 
2021-11-12 18:14:57,065 - INFO - server: check_correct_presence_and_response - Запуск функции проверки корректности запроса 
2021-11-12 18:14:57,065 - INFO - decorators: deco_log_call - Fri Nov 12 18:14:57 2021 Вызван декоратор Log для check_correct_presence_and_response с параметрами ({'action': 'presence', 'time': '2021-11-12-18.14.57', 'user': {'account_name': 'User1'}},) из функции start_server() 
2021-11-12 18:14:57,065 - INFO - server: start_server - Приветствуем пользователя User1! 
2021-11-12 18:14:57,065 - INFO - server: start_server - Принято сообщение от клиента: {'action': 'presence', 'time': '2021-11-12-18.14.57', 'user': {'account_name': 'User3'}} 
2021-11-12 18:14:57,065 - INFO - server: check_correct_presence_and_response - Запуск функции проверки корректности запроса 
2021-11-12 18:14:57,065 - INFO - decorators: deco_log_call - Fri Nov 12 18:14:57 2021 Вызван декоратор Log для check_correct_presence_and_response с параметрами ({'action': 'presence', 'time': '2021-11-12-18.14.57', 'user': {'account_name': 'User3'}},) из функции start_server() 
2021-11-12 18:14:57,065 - INFO - server: start_server - Приветствуем пользователя User3! 
2021-11-12 18:14:57,065 - INFO - server: start_server - Отправка ответа клиенту: 
2021-11-12 18:14:57,065 - INFO - server: start_server - Отправка ответа клиенту: 
2021-11-12 18:14:57,065 - INFO - server: start_server - Отправка ответа клиенту: 
2021-11-12 18:14:57,065 - INFO - server: start_server - Отправка ответа клиенту: 
2021-11-12 18:14:57,081 - INFO - server: start_server - Клиент User3 отключился от сервера. 
2021-11-12 18:14:57,081 - INFO - server: start_server - Клиент User3 отключился от сервера. 
2021-11-12 18:14:57,081 - INFO - server: start_server - Принято сообщение от клиента: {'action': 'presence', 'time': '2021-11-12-18.14.57', 'user': {'account_name': 'User2'}} 
2021-11-12 18:14:57,081 - INFO - server: check_correct_presence_and_response - Запуск функции проверки корректности запроса 
2021-11-12 18:14:57,081 - INFO - decorators: deco_log_call - Fri Nov 12 18:14:57 2021 Вызван декоратор Log для check_correct_presence_and_response с параметрами ({'action': 'presence', 'time': '2021-11-12-18.14.57', 'user': {'account_name': 'User2'}},) из функции start_server() 
2021-11-12 18:14:57,081 - INFO - server: start_server - Приветствуем пользователя User2! 
2021-11-12 18:14:57,081 - INFO - server: start_server - Отправка ответа клиенту: 
2021-11-12 18:14:57,081 - INFO - server: start_server - Клиент ('127.0.0.1', 49289) отключился от сервера. 
